<?xml version="1.0" encoding="UTF-8"?>
<!-- Generated by org.testng.reporters.JUnitReportReporter -->
<testsuite name="PracticeMavenProject.ForJenkins.ClassA" tests="1" time="0.010" ignored="0" failures="0" timestamp="13 Jun 2020 21:04:43 GMT" skipped="0" hostname="LAPTOP-LPNPORI3" errors="0">
  <testcase name="tc1" time="0.010" classname="PracticeMavenProject.ForJenkins.ClassA"/>
</testsuite> <!-- PracticeMavenProject.ForJenkins.ClassA -->
