<?xml version="1.0" encoding="UTF-8"?>
<!-- Generated by org.testng.reporters.JUnitReportReporter -->
<testsuite name="PracticeMavenProject.ForJenkins.ClassB" tests="1" time="0.002" ignored="0" failures="0" timestamp="13 Jun 2020 21:04:43 GMT" skipped="0" hostname="LAPTOP-LPNPORI3" errors="0">
  <testcase name="tc2" time="0.002" classname="PracticeMavenProject.ForJenkins.ClassB"/>
</testsuite> <!-- PracticeMavenProject.ForJenkins.ClassB -->
